20-Sep-2023 15:20:41.100 INFO [main] org.apache.catalina.startup.VersionLoggerListener.log 서버 버전 이름:    Apache Tomcat/9.0.78
20-Sep-2023 15:20:41.102 INFO [main] org.apache.catalina.startup.VersionLoggerListener.log Server 빌드 시각:  Jul 4 2023 13:15:43 UTC
20-Sep-2023 15:20:41.102 INFO [main] org.apache.catalina.startup.VersionLoggerListener.log Server 버전 번호:  9.0.78.0
20-Sep-2023 15:20:41.102 INFO [main] org.apache.catalina.startup.VersionLoggerListener.log 운영체제 이름:     Windows 10
20-Sep-2023 15:20:41.102 INFO [main] org.apache.catalina.startup.VersionLoggerListener.log 운영체제 버전:     10.0
20-Sep-2023 15:20:41.102 INFO [main] org.apache.catalina.startup.VersionLoggerListener.log 아키텍처:          amd64
20-Sep-2023 15:20:41.102 INFO [main] org.apache.catalina.startup.VersionLoggerListener.log 자바 홈:           C:\Program Files\Java\jdk-11.0.13
20-Sep-2023 15:20:41.102 INFO [main] org.apache.catalina.startup.VersionLoggerListener.log JVM 버전:          11.0.13+10-LTS-370
20-Sep-2023 15:20:41.102 INFO [main] org.apache.catalina.startup.VersionLoggerListener.log JVM 벤더:          Oracle Corporation
20-Sep-2023 15:20:41.102 INFO [main] org.apache.catalina.startup.VersionLoggerListener.log CATALINA_BASE:     C:\부엉이\backend_14_reference\최종파일\login3
20-Sep-2023 15:20:41.103 INFO [main] org.apache.catalina.startup.VersionLoggerListener.log CATALINA_HOME:     C:\tomcat\apache-tomcat
20-Sep-2023 15:20:41.109 INFO [main] org.apache.catalina.startup.VersionLoggerListener.log 명령 행 아규먼트:  --add-opens=java.base/java.lang=ALL-UNNAMED
20-Sep-2023 15:20:41.109 INFO [main] org.apache.catalina.startup.VersionLoggerListener.log 명령 행 아규먼트:  --add-opens=java.base/java.io=ALL-UNNAMED
20-Sep-2023 15:20:41.109 INFO [main] org.apache.catalina.startup.VersionLoggerListener.log 명령 행 아규먼트:  --add-opens=java.base/java.util=ALL-UNNAMED
20-Sep-2023 15:20:41.109 INFO [main] org.apache.catalina.startup.VersionLoggerListener.log 명령 행 아규먼트:  --add-opens=java.base/java.util.concurrent=ALL-UNNAMED
20-Sep-2023 15:20:41.109 INFO [main] org.apache.catalina.startup.VersionLoggerListener.log 명령 행 아규먼트:  --add-opens=java.rmi/sun.rmi.transport=ALL-UNNAMED
20-Sep-2023 15:20:41.109 INFO [main] org.apache.catalina.startup.VersionLoggerListener.log 명령 행 아규먼트:  -Dcatalina.home=C:\tomcat\apache-tomcat
20-Sep-2023 15:20:41.109 INFO [main] org.apache.catalina.startup.VersionLoggerListener.log 명령 행 아규먼트:  -Dcatalina.base=C:\부엉이\backend_14_reference\최종파일\login3
20-Sep-2023 15:20:41.109 INFO [main] org.apache.catalina.startup.VersionLoggerListener.log 명령 행 아규먼트:  -Djava.io.tmpdir=C:\부엉이\backend_14_reference\최종파일\login3\temp
20-Sep-2023 15:20:41.109 INFO [main] org.apache.catalina.startup.VersionLoggerListener.log 명령 행 아규먼트:  -Djava.util.logging.config.file=C:\부엉이\backend_14_reference\최종파일\login3\conf\logging.properties
20-Sep-2023 15:20:41.110 INFO [main] org.apache.catalina.startup.VersionLoggerListener.log 명령 행 아규먼트:  -Djava.util.logging.manager=org.apache.juli.ClassLoaderLogManager
20-Sep-2023 15:20:41.110 INFO [main] org.apache.catalina.startup.VersionLoggerListener.log 명령 행 아규먼트:  -javaagent:C:\Program Files\JetBrains\IntelliJ IDEA Community Edition 2022.3.3\lib\idea_rt.jar=49371:C:\Program Files\JetBrains\IntelliJ IDEA Community Edition 2022.3.3\bin
20-Sep-2023 15:20:41.110 INFO [main] org.apache.catalina.startup.VersionLoggerListener.log 명령 행 아규먼트:  -Dfile.encoding=UTF-8
20-Sep-2023 15:20:41.126 INFO [main] org.apache.catalina.core.AprLifecycleListener.lifecycleEvent APR 버전 [1.7.4]을(를) 사용한, APR 기반 Apache Tomcat Native 라이브러리 [1.2.37]을(를) 로드했습니다.
20-Sep-2023 15:20:41.126 INFO [main] org.apache.catalina.core.AprLifecycleListener.lifecycleEvent APR 용량정보들: IPv6 [true], sendfile [true], accept filters [false], random [true], UDS [true].
20-Sep-2023 15:20:41.126 INFO [main] org.apache.catalina.core.AprLifecycleListener.lifecycleEvent APR/OpenSSL 설정: useAprConnector [false], useOpenSSL [true]
20-Sep-2023 15:20:41.160 INFO [main] org.apache.catalina.core.AprLifecycleListener.initializeSSL OpenSSL이 성공적으로 초기화되었습니다: [OpenSSL 1.1.1u  30 May 2023]
20-Sep-2023 15:20:41.474 INFO [main] org.apache.coyote.AbstractProtocol.init 프로토콜 핸들러 ["http-nio-8080"]을(를) 초기화합니다.
20-Sep-2023 15:20:41.498 INFO [main] org.apache.catalina.startup.Catalina.load [579] 밀리초 내에 서버가 초기화되었습니다.
20-Sep-2023 15:20:41.600 INFO [main] org.apache.catalina.core.StandardService.startInternal 서비스 [Catalina]을(를) 시작합니다.
20-Sep-2023 15:20:41.600 INFO [main] org.apache.catalina.core.StandardEngine.startInternal 서버 엔진을 시작합니다: [Apache Tomcat/9.0.78]
20-Sep-2023 15:20:41.610 INFO [main] org.apache.catalina.startup.HostConfig.deployDescriptor 배치 descriptor [C:\부엉이\backend_14_reference\최종파일\login3\conf\Catalina\localhost\login3.xml]을(를) 배치합니다.
20-Sep-2023 15:20:41.960 INFO [main] org.apache.catalina.startup.HostConfig.deployDescriptor 배치 descriptor [C:\부엉이\backend_14_reference\최종파일\login3\conf\Catalina\localhost\login3.xml]의 배치가 [349] 밀리초 내에 완료되었습니다.
20-Sep-2023 15:20:41.962 INFO [main] org.apache.coyote.AbstractProtocol.start 프로토콜 핸들러 ["http-nio-8080"]을(를) 시작합니다.
20-Sep-2023 15:20:42.008 INFO [main] org.apache.catalina.startup.Catalina.start 서버가 [509] 밀리초 내에 시작되었습니다.
20-Sep-2023 15:23:05.223 INFO [Thread-1] org.apache.coyote.AbstractProtocol.pause 프로토콜 핸들러 ["http-nio-8080"]을(를) 일시 정지 중
20-Sep-2023 15:23:05.248 INFO [Thread-1] org.apache.catalina.core.StandardService.stopInternal 서비스 [Catalina]을(를) 중지시킵니다.
20-Sep-2023 15:23:05.257 INFO [Thread-1] org.apache.coyote.AbstractProtocol.stop 프로토콜 핸들러 ["http-nio-8080"]을(를) 중지시킵니다.
20-Sep-2023 15:23:05.260 INFO [Thread-1] org.apache.coyote.AbstractProtocol.destroy 프로토콜 핸들러 ["http-nio-8080"]을(를) 소멸시킵니다.
